Date Sat Feb  3 06:22:56 GMT 2001

real	19m4.007s
user	15m26.080s
sys	1m57.780s
Date Sat Feb  3 06:42:00 GMT 2001

real	19m34.230s
user	15m26.770s
sys	2m0.050s
Date Sat Feb  3 07:01:35 GMT 2001

real	19m36.954s
user	15m26.430s
sys	1m59.350s
Date Sat Feb  3 07:21:12 GMT 2001

real	19m12.902s
user	15m28.150s
sys	1m59.590s
Log file :
oprofiled started Sat Feb  3 06:22:54 2001
Sat Feb  3 06:32:54 2001
 stats:
Nr. kernel samples: 0
Nr. samples lost due to no process information: 0
Nr. process samples in user-space: 0
Nr. samples lost due to no map information: 0
Nr. sample dumps: 0
Nr. samples total: 0
Nr. notifications: 0
Sat Feb  3 06:42:54 2001
 stats:
Nr. kernel samples: 0
Nr. samples lost due to no process information: 0
Nr. process samples in user-space: 0
Nr. samples lost due to no map information: 0
Nr. sample dumps: 0
Nr. samples total: 0
Nr. notifications: 0
stat failed for /usr/src/linux-2.4.0/drivers/net/hamradio/soundmodem/gentbl
stat failed for /usr/src/linux-2.4.0/scripts/split-include
stat failed for /usr/src/linux-2.4.0/drivers/char/conmakehash
stat failed for /usr/src/linux-2.4.0/drivers/pci/gen-devlist
stat failed for /usr/src/linux-2.4.0/arch/i386/boot/tools/build
Sat Feb  3 06:52:56 2001
 stats:
Nr. kernel samples: 11757
Nr. samples lost due to no process information: 3
Nr. process samples in user-space: 82327
Nr. samples lost due to no map information: 36
Average depth of search of proc queue: 0.813537
Average depth of iteration through mapping array: 0.307395
Nr. sample dumps: 1
Nr. samples total: 94123
Nr. notifications: 47733
Sat Feb  3 07:02:56 2001
 stats:
Nr. kernel samples: 11757
Nr. samples lost due to no process information: 3
Nr. process samples in user-space: 82327
Nr. samples lost due to no map information: 36
Average depth of search of proc queue: 0.813537
Average depth of iteration through mapping array: 0.307395
Nr. sample dumps: 1
Nr. samples total: 94123
Nr. notifications: 47733
Sat Feb  3 07:12:57 2001
 stats:
Nr. kernel samples: 23336
Nr. samples lost due to no process information: 37
Nr. process samples in user-space: 164614
Nr. samples lost due to no map information: 69
Average depth of search of proc queue: 0.795549
Average depth of iteration through mapping array: 0.308405
Nr. sample dumps: 2
Nr. samples total: 188056
Nr. notifications: 93685
Sat Feb  3 07:22:57 2001
 stats:
Nr. kernel samples: 23336
Nr. samples lost due to no process information: 37
Nr. process samples in user-space: 164614
Nr. samples lost due to no map information: 69
Average depth of search of proc queue: 0.795549
Average depth of iteration through mapping array: 0.308405
Nr. sample dumps: 2
Nr. samples total: 188056
Nr. notifications: 93685
Sat Feb  3 07:32:58 2001
 stats:
Nr. kernel samples: 35115
Nr. samples lost due to no process information: 62
Nr. process samples in user-space: 247517
Nr. samples lost due to no map information: 100
Average depth of search of proc queue: 0.799668
Average depth of iteration through mapping array: 0.307883
Nr. sample dumps: 3
Nr. samples total: 282794
Nr. notifications: 140783
Date Sat Feb  3 07:40:25 GMT 2001
