Date Sat Feb  3 14:11:13 GMT 2001

real	20m18.042s
user	16m8.540s
sys	2m4.300s
Date Sat Feb  3 14:31:31 GMT 2001

real	20m27.555s
user	16m0.170s
sys	2m7.020s
Date Sat Feb  3 14:51:59 GMT 2001

real	20m35.167s
user	15m59.990s
sys	2m5.500s
Date Sat Feb  3 15:12:35 GMT 2001

real	20m44.933s
user	15m59.120s
sys	2m4.370s
Log file :
oprofiled started Sat Feb  3 14:11:11 2001
Sat Feb  3 14:21:11 2001
 stats:
Nr. kernel samples: 185395
Nr. samples lost due to no process information: 799
Nr. process samples in user-space: 1346787
Nr. samples lost due to no map information: 747
Average depth of search of proc queue: 0.122514
Average depth of iteration through mapping array: 0.262846
Nr. sample dumps: 6
Nr. samples total: 1533728
Nr. notifications: 22271
Sat Feb  3 14:31:11 2001
 stats:
Nr. kernel samples: 368789
Nr. samples lost due to no process information: 230143
Nr. process samples in user-space: 2470691
Nr. samples lost due to no map information: 1481
Average depth of search of proc queue: 0.207327
Average depth of iteration through mapping array: 0.266879
Nr. sample dumps: 12
Nr. samples total: 3071104
Nr. notifications: 42246
Sat Feb  3 14:41:11 2001
 stats:
Nr. kernel samples: 579117
Nr. samples lost due to no process information: 446069
Nr. process samples in user-space: 3839237
Nr. samples lost due to no map information: 2335
Average depth of search of proc queue: 0.201352
Average depth of iteration through mapping array: 0.265317
Nr. sample dumps: 19
Nr. samples total: 4866758
Nr. notifications: 64239
Sat Feb  3 14:51:11 2001
 stats:
Nr. kernel samples: 794782
Nr. samples lost due to no process information: 666500
Nr. process samples in user-space: 5197498
Nr. samples lost due to no map information: 3139
Average depth of search of proc queue: 0.196652
Average depth of iteration through mapping array: 0.265692
Nr. sample dumps: 26
Nr. samples total: 6661919
Nr. notifications: 86600
Sat Feb  3 15:01:11 2001
 stats:
Nr. kernel samples: 1007079
Nr. samples lost due to no process information: 891166
Nr. process samples in user-space: 6554868
Nr. samples lost due to no map information: 3888
Average depth of search of proc queue: 0.193792
Average depth of iteration through mapping array: 0.265499
Nr. sample dumps: 33
Nr. samples total: 8457001
Nr. notifications: 108632
fentry 0x486db4d0 out of bounds for "/bin/basename" (start 0x486ce000, len 0x0000b4a0, end 0x486d94a0, orig offset 0x00001a9a, kernel 0)
Sat Feb  3 15:11:12 2001
 stats:
Nr. kernel samples: 1220276
Nr. samples lost due to no process information: 1116437
Nr. process samples in user-space: 7911416
Nr. samples lost due to no map information: 4671
Average depth of search of proc queue: 0.192225
Average depth of iteration through mapping array: 0.265473
Nr. sample dumps: 40
Nr. samples total: 10252800
Nr. notifications: 130534
Sat Feb  3 15:21:13 2001
 stats:
Nr. kernel samples: 1432093
Nr. samples lost due to no process information: 1335211
Nr. process samples in user-space: 9275802
Nr. samples lost due to no map information: 5445
Average depth of search of proc queue: 0.188844
Average depth of iteration through mapping array: 0.265440
Nr. sample dumps: 47
Nr. samples total: 12048551
Nr. notifications: 152537
Sat Feb  3 15:31:14 2001
 stats:
Nr. kernel samples: 1642845
Nr. samples lost due to no process information: 1559783
Nr. process samples in user-space: 10634626
Nr. samples lost due to no map information: 6227
Average depth of search of proc queue: 0.186939
Average depth of iteration through mapping array: 0.265593
Nr. sample dumps: 54
Nr. samples total: 13843481
Nr. notifications: 174786
Date Sat Feb  3 15:33:20 GMT 2001
