Date Sat Feb  3 16:50:26 GMT 2001

real	21m3.962s
user	16m17.080s
sys	2m6.660s
Date Sat Feb  3 17:11:32 GMT 2001

real	20m39.667s
user	16m7.220s
sys	2m8.560s
Date Sat Feb  3 17:32:12 GMT 2001

real	20m53.674s
user	16m10.490s
sys	2m3.990s
Date Sat Feb  3 17:53:06 GMT 2001

real	21m38.267s
user	16m17.880s
sys	2m9.000s
Log file :
oprofiled started Sat Feb  3 16:50:24 2001
Sat Feb  3 17:00:24 2001
 stats:
Nr. kernel samples: 331322
Nr. samples lost due to no process information: 17077
Nr. process samples in user-space: 2234999
Nr. samples lost due to no map information: 1506
Average depth of search of proc queue: 0.060686
Average depth of iteration through mapping array: 0.261522
Nr. sample dumps: 10
Nr. samples total: 2584904
Nr. notifications: 21029
stat failed for /usr/src/linux-2.4.0/arch/i386/boot/tools/build
Sat Feb  3 17:10:24 2001
 stats:
Nr. kernel samples: 679214
Nr. samples lost due to no process information: 204376
Nr. process samples in user-space: 4543964
Nr. samples lost due to no map information: 3074
Average depth of search of proc queue: 0.088085
Average depth of iteration through mapping array: 0.259346
Nr. sample dumps: 21
Nr. samples total: 5430628
Nr. notifications: 42156
Sat Feb  3 17:20:25 2001
 stats:
Nr. kernel samples: 1048951
Nr. samples lost due to no process information: 406679
Nr. process samples in user-space: 7074414
Nr. samples lost due to no map information: 4648
Average depth of search of proc queue: 0.087690
Average depth of iteration through mapping array: 0.258151
Nr. sample dumps: 33
Nr. samples total: 8534692
Nr. notifications: 64473
fentry 0x486d9550 out of bounds for "/bin/basename" (start 0x486ce000, len 0x0000b4a0, end 0x486d94a0, orig offset 0x000016aa, kernel 0)
Sat Feb  3 17:30:25 2001
 stats:
Nr. kernel samples: 1394942
Nr. samples lost due to no process information: 596696
Nr. process samples in user-space: 9380749
Nr. samples lost due to no map information: 6143
Average depth of search of proc queue: 0.086442
Average depth of iteration through mapping array: 0.258506
Nr. sample dumps: 44
Nr. samples total: 11378530
Nr. notifications: 85339
Sat Feb  3 17:40:25 2001
 stats:
Nr. kernel samples: 1765940
Nr. samples lost due to no process information: 811761
Nr. process samples in user-space: 11895716
Nr. samples lost due to no map information: 7731
Average depth of search of proc queue: 0.085571
Average depth of iteration through mapping array: 0.258466
Nr. sample dumps: 56
Nr. samples total: 14481148
Nr. notifications: 108050
fentry 0x486da050 out of bounds for "/bin/basename" (start 0x486ce000, len 0x0000b4a0, end 0x486d94a0, orig offset 0x0000180a, kernel 0)
fentry 0x486d9550 out of bounds for "/bin/basename" (start 0x486ce000, len 0x0000b4a0, end 0x486d94a0, orig offset 0x000016aa, kernel 0)
fentry 0x486da050 out of bounds for "/bin/basename" (start 0x486ce000, len 0x0000b4a0, end 0x486d94a0, orig offset 0x0000180a, kernel 0)
Sat Feb  3 17:50:25 2001
 stats:
Nr. kernel samples: 2117967
Nr. samples lost due to no process information: 1029044
Nr. process samples in user-space: 14170965
Nr. samples lost due to no map information: 9216
Average depth of search of proc queue: 0.084318
Average depth of iteration through mapping array: 0.259312
Nr. sample dumps: 67
Nr. samples total: 17327192
Nr. notifications: 129032
fentry 0x486db4d0 out of bounds for "/bin/basename" (start 0x486ce000, len 0x0000b4a0, end 0x486d94a0, orig offset 0x00001a9a, kernel 0)
Sat Feb  3 18:00:25 2001
 stats:
Nr. kernel samples: 2480635
Nr. samples lost due to no process information: 1398960
Nr. process samples in user-space: 16281870
Nr. samples lost due to no map information: 11146
Average depth of search of proc queue: 0.108859
Average depth of iteration through mapping array: 0.260793
Nr. sample dumps: 78
Nr. samples total: 20172611
Nr. notifications: 149879
Sat Feb  3 18:10:40 2001
 stats:
Nr. kernel samples: 2829528
Nr. samples lost due to no process information: 1560645
Nr. process samples in user-space: 18613953
Nr. samples lost due to no map information: 12748
Average depth of search of proc queue: 0.104366
Average depth of iteration through mapping array: 0.260453
Nr. sample dumps: 89
Nr. samples total: 23016874
Nr. notifications: 171001
Date Sat Feb  3 18:14:45 GMT 2001
