Date Sat Feb  3 08:56:50 GMT 2001

real	19m16.150s
user	15m34.420s
sys	2m0.490s
Date Sat Feb  3 09:16:07 GMT 2001

real	20m20.195s
user	15m48.360s
sys	2m1.060s
Date Sat Feb  3 09:36:27 GMT 2001

real	20m0.092s
user	15m44.340s
sys	2m1.460s
Date Sat Feb  3 09:56:28 GMT 2001

real	19m55.376s
user	15m37.600s
sys	2m2.390s
Log file :
oprofiled started Sat Feb  3 08:56:48 2001
Sat Feb  3 09:06:48 2001
 stats:
Nr. kernel samples: 0
Nr. samples lost due to no process information: 0
Nr. process samples in user-space: 0
Nr. samples lost due to no map information: 0
Nr. sample dumps: 0
Nr. samples total: 0
Nr. notifications: 0
stat failed for /usr/src/linux-2.4.0/drivers/char/conmakehash
stat failed for /usr/src/linux-2.4.0/drivers/pci/gen-devlist
stat failed for /usr/src/linux-2.4.0/arch/i386/boot/tools/build
Sat Feb  3 09:16:48 2001
 stats:
Nr. kernel samples: 56509
Nr. samples lost due to no process information: 107
Nr. process samples in user-space: 398786
Nr. samples lost due to no map information: 196
Average depth of search of proc queue: 0.493946
Average depth of iteration through mapping array: 0.298364
Nr. sample dumps: 2
Nr. samples total: 455598
Nr. notifications: 42100
Sat Feb  3 09:26:49 2001
 stats:
Nr. kernel samples: 84577
Nr. samples lost due to no process information: 133507
Nr. process samples in user-space: 472102
Nr. samples lost due to no map information: 258
Average depth of search of proc queue: 0.646446
Average depth of iteration through mapping array: 0.305108
Nr. sample dumps: 3
Nr. samples total: 690444
Nr. notifications: 58759
Sat Feb  3 09:36:49 2001
 stats:
Nr. kernel samples: 140904
Nr. samples lost due to no process information: 318828
Nr. process samples in user-space: 713057
Nr. samples lost due to no map information: 353
Average depth of search of proc queue: 0.722221
Average depth of iteration through mapping array: 0.296336
Nr. sample dumps: 5
Nr. samples total: 1173142
Nr. notifications: 83885
Sat Feb  3 09:46:49 2001
 stats:
Nr. kernel samples: 195476
Nr. samples lost due to no process information: 510612
Nr. process samples in user-space: 948284
Nr. samples lost due to no map information: 448
Average depth of search of proc queue: 0.794511
Average depth of iteration through mapping array: 0.293415
Nr. sample dumps: 7
Nr. samples total: 1654820
Nr. notifications: 109638
Sat Feb  3 09:56:49 2001
 stats:
Nr. kernel samples: 223431
Nr. samples lost due to no process information: 644618
Nr. process samples in user-space: 1021254
Nr. samples lost due to no map information: 510
Average depth of search of proc queue: 0.822643
Average depth of iteration through mapping array: 0.296671
Nr. sample dumps: 8
Nr. samples total: 1889813
Nr. notifications: 126197
Sat Feb  3 10:06:49 2001
 stats:
Nr. kernel samples: 278404
Nr. samples lost due to no process information: 832765
Nr. process samples in user-space: 1260707
Nr. samples lost due to no map information: 609
Average depth of search of proc queue: 0.824577
Average depth of iteration through mapping array: 0.293716
Nr. sample dumps: 10
Nr. samples total: 2372485
Nr. notifications: 151352
Date Sat Feb  3 10:16:23 GMT 2001
