Date Sat Feb  3 11:33:08 GMT 2001

real	19m37.277s
user	15m42.230s
sys	1m59.690s
Date Sat Feb  3 11:52:45 GMT 2001

real	20m32.700s
user	15m46.810s
sys	2m2.150s
Date Sat Feb  3 12:13:18 GMT 2001

real	19m55.965s
user	15m45.510s
sys	2m1.030s
Date Sat Feb  3 12:33:15 GMT 2001

real	20m9.487s
user	15m53.750s
sys	2m3.580s
Log file :
oprofiled started Sat Feb  3 11:33:06 2001
fentry 0x4868e2d0 out of bounds for "/bin/basename" (start 0x48682000, len 0x0000b4a0, end 0x4868d4a0, orig offset 0x0000185a, kernel 0)
Sat Feb  3 11:43:06 2001
 stats:
Nr. kernel samples: 32114
Nr. samples lost due to no process information: 27
Nr. process samples in user-space: 201016
Nr. samples lost due to no map information: 137
Average depth of search of proc queue: 0.204050
Average depth of iteration through mapping array: 0.319941
Nr. sample dumps: 1
Nr. samples total: 233294
Nr. notifications: 17645
stat failed for /usr/src/linux-2.4.0/arch/i386/boot/tools/build
Sat Feb  3 11:53:06 2001
 stats:
Nr. kernel samples: 118307
Nr. samples lost due to no process information: 204693
Nr. process samples in user-space: 657964
Nr. samples lost due to no map information: 374
Average depth of search of proc queue: 0.461935
Average depth of iteration through mapping array: 0.293117
Nr. sample dumps: 4
Nr. samples total: 981338
Nr. notifications: 40443
Sat Feb  3 12:03:06 2001
 stats:
Nr. kernel samples: 203611
Nr. samples lost due to no process information: 420398
Nr. process samples in user-space: 1104736
Nr. samples lost due to no map information: 604
Average depth of search of proc queue: 0.507681
Average depth of iteration through mapping array: 0.289664
Nr. sample dumps: 7
Nr. samples total: 1729349
Nr. notifications: 63152
Sat Feb  3 12:13:06 2001
 stats:
Nr. kernel samples: 289226
Nr. samples lost due to no process information: 636095
Nr. process samples in user-space: 1551358
Nr. samples lost due to no map information: 853
Average depth of search of proc queue: 0.532106
Average depth of iteration through mapping array: 0.287978
Nr. sample dumps: 10
Nr. samples total: 2477532
Nr. notifications: 85830
Sat Feb  3 12:23:06 2001
 stats:
Nr. kernel samples: 374915
Nr. samples lost due to no process information: 851216
Nr. process samples in user-space: 1998544
Nr. samples lost due to no map information: 1092
Average depth of search of proc queue: 0.545584
Average depth of iteration through mapping array: 0.287325
Nr. sample dumps: 13
Nr. samples total: 3225767
Nr. notifications: 108412
Sat Feb  3 12:33:06 2001
 stats:
Nr. kernel samples: 460701
Nr. samples lost due to no process information: 1060599
Nr. process samples in user-space: 2450821
Nr. samples lost due to no map information: 1316
Average depth of search of proc queue: 0.563040
Average depth of iteration through mapping array: 0.286497
Nr. sample dumps: 16
Nr. samples total: 3973437
Nr. notifications: 131363
Sat Feb  3 12:43:06 2001
 stats:
Nr. kernel samples: 546902
Nr. samples lost due to no process information: 1268849
Nr. process samples in user-space: 2903948
Nr. samples lost due to no map information: 1557
Average depth of search of proc queue: 0.575589
Average depth of iteration through mapping array: 0.286007
Nr. sample dumps: 19
Nr. samples total: 4721256
Nr. notifications: 154248
Sat Feb  3 12:53:07 2001
 stats:
Nr. kernel samples: 633457
Nr. samples lost due to no process information: 1477604
Nr. process samples in user-space: 3356660
Nr. samples lost due to no map information: 1772
Average depth of search of proc queue: 0.588092
Average depth of iteration through mapping array: 0.285428
Nr. sample dumps: 22
Nr. samples total: 5469493
Nr. notifications: 176829
Date Sat Feb  3 12:53:25 GMT 2001
