Date Sat Feb  3 07:40:29 GMT 2001

real	19m5.788s
user	15m27.510s
sys	1m57.680s
Date Sat Feb  3 07:59:35 GMT 2001

real	19m5.159s
user	15m24.240s
sys	1m59.890s
Date Sat Feb  3 08:18:40 GMT 2001

real	19m1.752s
user	15m26.400s
sys	1m58.360s
Date Sat Feb  3 08:37:42 GMT 2001

real	19m4.379s
user	15m27.240s
sys	1m57.770s
Log file :
oprofiled started Sat Feb  3 07:40:27 2001
Sat Feb  3 07:50:27 2001
 stats:
Nr. kernel samples: 0
Nr. samples lost due to no process information: 0
Nr. process samples in user-space: 0
Nr. samples lost due to no map information: 0
Nr. sample dumps: 0
Nr. samples total: 0
Nr. notifications: 0
Sat Feb  3 08:00:27 2001
 stats:
Nr. kernel samples: 0
Nr. samples lost due to no process information: 0
Nr. process samples in user-space: 0
Nr. samples lost due to no map information: 0
Nr. sample dumps: 0
Nr. samples total: 0
Nr. notifications: 0
Sat Feb  3 08:10:27 2001
 stats:
Nr. kernel samples: 89899
Nr. samples lost due to no process information: 0
Nr. process samples in user-space: 0
Nr. samples lost due to no map information: 0
Nr. sample dumps: 1
Nr. samples total: 90788
Nr. notifications: 0
Sat Feb  3 08:20:27 2001
 stats:
Nr. kernel samples: 89899
Nr. samples lost due to no process information: 0
Nr. process samples in user-space: 0
Nr. samples lost due to no map information: 0
Nr. sample dumps: 1
Nr. samples total: 90788
Nr. notifications: 0
Sat Feb  3 08:30:28 2001
 stats:
Nr. kernel samples: 181409
Nr. samples lost due to no process information: 0
Nr. process samples in user-space: 0
Nr. samples lost due to no map information: 0
Nr. sample dumps: 2
Nr. samples total: 183256
Nr. notifications: 0
Sat Feb  3 08:40:28 2001
 stats:
Nr. kernel samples: 181409
Nr. samples lost due to no process information: 0
Nr. process samples in user-space: 0
Nr. samples lost due to no map information: 0
Nr. sample dumps: 2
Nr. samples total: 183256
Nr. notifications: 0
Sat Feb  3 08:50:29 2001
 stats:
Nr. kernel samples: 272867
Nr. samples lost due to no process information: 0
Nr. process samples in user-space: 0
Nr. samples lost due to no map information: 0
Nr. sample dumps: 3
Nr. samples total: 275731
Nr. notifications: 0
Date Sat Feb  3 08:56:47 GMT 2001
