Date Sat Feb  3 10:16:33 GMT 2001

real	19m12.192s
user	15m26.750s
sys	1m59.310s
Date Sat Feb  3 10:35:46 GMT 2001

real	19m7.400s
user	15m26.400s
sys	1m59.860s
Date Sat Feb  3 10:54:53 GMT 2001

real	19m6.365s
user	15m26.950s
sys	1m59.550s
Date Sat Feb  3 11:14:00 GMT 2001

real	19m3.553s
user	15m29.160s
sys	1m58.290s
Log file :
oprofiled started Sat Feb  3 10:16:31 2001
Sat Feb  3 10:26:31 2001
 stats:
Nr. kernel samples: 0
Nr. samples lost due to no process information: 0
Nr. process samples in user-space: 0
Nr. samples lost due to no map information: 0
Nr. sample dumps: 0
Nr. samples total: 0
Nr. notifications: 0
Sat Feb  3 10:36:32 2001
 stats:
Nr. kernel samples: 0
Nr. samples lost due to no process information: 0
Nr. process samples in user-space: 0
Nr. samples lost due to no map information: 0
Nr. sample dumps: 0
Nr. samples total: 0
Nr. notifications: 0
Sat Feb  3 10:46:34 2001
 stats:
Nr. kernel samples: 160371
Nr. samples lost due to no process information: 0
Nr. process samples in user-space: 0
Nr. samples lost due to no map information: 0
Nr. sample dumps: 1
Nr. samples total: 162249
Nr. notifications: 0
Sat Feb  3 10:56:34 2001
 stats:
Nr. kernel samples: 160371
Nr. samples lost due to no process information: 0
Nr. process samples in user-space: 0
Nr. samples lost due to no map information: 0
Nr. sample dumps: 1
Nr. samples total: 162249
Nr. notifications: 0
Sat Feb  3 11:06:34 2001
 stats:
Nr. kernel samples: 323702
Nr. samples lost due to no process information: 0
Nr. process samples in user-space: 0
Nr. samples lost due to no map information: 0
Nr. sample dumps: 2
Nr. samples total: 327509
Nr. notifications: 0
Sat Feb  3 11:16:34 2001
 stats:
Nr. kernel samples: 323702
Nr. samples lost due to no process information: 0
Nr. process samples in user-space: 0
Nr. samples lost due to no map information: 0
Nr. sample dumps: 2
Nr. samples total: 327509
Nr. notifications: 0
Sat Feb  3 11:26:36 2001
 stats:
Nr. kernel samples: 487741
Nr. samples lost due to no process information: 0
Nr. process samples in user-space: 0
Nr. samples lost due to no map information: 0
Nr. sample dumps: 3
Nr. samples total: 493365
Nr. notifications: 0
Date Sat Feb  3 11:33:04 GMT 2001
