Date Sun Feb  4 18:11:00 GMT 2001

real	19m21.718s
user	15m35.090s
sys	2m2.830s
Date Sun Feb  4 18:30:22 GMT 2001

real	19m31.632s
user	15m35.610s
sys	2m4.050s
Date Sun Feb  4 18:49:54 GMT 2001

real	19m25.597s
user	15m37.700s
sys	2m1.780s
Date Sun Feb  4 19:09:20 GMT 2001

real	19m22.140s
user	15m36.030s
sys	2m3.420s
Log file :
oprofiled started Sun Feb  4 18:10:58 2001
Sun Feb  4 18:20:58 2001
 stats:
Nr. kernel samples: 0
Nr. samples lost due to no process information: 0
Nr. process samples in user-space: 0
Nr. samples lost due to no map information: 0
Nr. sample dumps: 0
Nr. samples total: 0
Nr. notifications: 0
Sun Feb  4 18:30:58 2001
 stats:
Nr. kernel samples: 258646
Nr. samples lost due to no process information: 0
Nr. process samples in user-space: 0
Nr. samples lost due to no map information: 0
Nr. sample dumps: 1
Nr. samples total: 261401
Nr. notifications: 0
Sun Feb  4 18:40:58 2001
 stats:
Nr. kernel samples: 516750
Nr. samples lost due to no process information: 0
Nr. process samples in user-space: 0
Nr. samples lost due to no map information: 0
Nr. sample dumps: 2
Nr. samples total: 522801
Nr. notifications: 0
Sun Feb  4 18:50:58 2001
 stats:
Nr. kernel samples: 1032581
Nr. samples lost due to no process information: 0
Nr. process samples in user-space: 0
Nr. samples lost due to no map information: 0
Nr. sample dumps: 4
Nr. samples total: 1045680
Nr. notifications: 0
Sun Feb  4 19:00:58 2001
 stats:
Nr. kernel samples: 1290324
Nr. samples lost due to no process information: 0
Nr. process samples in user-space: 0
Nr. samples lost due to no map information: 0
Nr. sample dumps: 5
Nr. samples total: 1307101
Nr. notifications: 0
Sun Feb  4 19:10:58 2001
 stats:
Nr. kernel samples: 1548245
Nr. samples lost due to no process information: 0
Nr. process samples in user-space: 0
Nr. samples lost due to no map information: 0
Nr. sample dumps: 6
Nr. samples total: 1568492
Nr. notifications: 0
Sun Feb  4 19:20:58 2001
 stats:
Nr. kernel samples: 2064129
Nr. samples lost due to no process information: 0
Nr. process samples in user-space: 0
Nr. samples lost due to no map information: 0
Nr. sample dumps: 8
Nr. samples total: 2091548
Nr. notifications: 0
Date Sun Feb  4 19:28:42 GMT 2001
