Date Sat Feb  3 05:06:39 GMT 2001

real	19m3.632s
user	15m27.660s
sys	1m55.970s
Date Sat Feb  3 05:25:42 GMT 2001

real	19m5.291s
user	15m24.350s
sys	1m57.840s
Date Sat Feb  3 05:44:48 GMT 2001

real	19m2.005s
user	15m25.760s
sys	1m57.120s
Date Sat Feb  3 06:03:50 GMT 2001

real	19m2.020s
user	15m25.170s
sys	1m57.890s
Log file :
oprofiled started Sat Feb  3 05:06:37 2001
Sat Feb  3 05:16:37 2001
 stats:
Nr. kernel samples: 0
Nr. samples lost due to no process information: 0
Nr. process samples in user-space: 0
Nr. samples lost due to no map information: 0
Nr. sample dumps: 0
Nr. samples total: 0
Nr. notifications: 0
Sat Feb  3 05:26:37 2001
 stats:
Nr. kernel samples: 0
Nr. samples lost due to no process information: 0
Nr. process samples in user-space: 0
Nr. samples lost due to no map information: 0
Nr. sample dumps: 0
Nr. samples total: 0
Nr. notifications: 0
Sat Feb  3 05:36:37 2001
 stats:
Nr. kernel samples: 11539
Nr. samples lost due to no process information: 0
Nr. process samples in user-space: 0
Nr. samples lost due to no map information: 0
Nr. sample dumps: 1
Nr. samples total: 11626
Nr. notifications: 0
Sat Feb  3 05:46:37 2001
 stats:
Nr. kernel samples: 11539
Nr. samples lost due to no process information: 0
Nr. process samples in user-space: 0
Nr. samples lost due to no map information: 0
Nr. sample dumps: 1
Nr. samples total: 11626
Nr. notifications: 0
Sat Feb  3 05:56:37 2001
 stats:
Nr. kernel samples: 23252
Nr. samples lost due to no process information: 0
Nr. process samples in user-space: 0
Nr. samples lost due to no map information: 0
Nr. sample dumps: 2
Nr. samples total: 23463
Nr. notifications: 0
Sat Feb  3 06:06:37 2001
 stats:
Nr. kernel samples: 23252
Nr. samples lost due to no process information: 0
Nr. process samples in user-space: 0
Nr. samples lost due to no map information: 0
Nr. sample dumps: 2
Nr. samples total: 23463
Nr. notifications: 0
Sat Feb  3 06:16:37 2001
 stats:
Nr. kernel samples: 34888
Nr. samples lost due to no process information: 0
Nr. process samples in user-space: 0
Nr. samples lost due to no map information: 0
Nr. sample dumps: 3
Nr. samples total: 35208
Nr. notifications: 0
Date Sat Feb  3 06:22:52 GMT 2001
