Date Sat Feb  3 12:53:29 GMT 2001

real	19m25.835s
user	15m38.350s
sys	2m1.460s
Date Sat Feb  3 13:12:55 GMT 2001

real	19m29.705s
user	15m38.060s
sys	2m3.480s
Date Sat Feb  3 13:32:25 GMT 2001

real	19m23.815s
user	15m39.100s
sys	2m0.990s
Date Sat Feb  3 13:51:49 GMT 2001

real	19m20.302s
user	15m37.500s
sys	2m2.900s
Log file :
oprofiled started Sat Feb  3 12:53:27 2001
Sat Feb  3 13:03:27 2001
 stats:
Nr. kernel samples: 0
Nr. samples lost due to no process information: 0
Nr. process samples in user-space: 0
Nr. samples lost due to no map information: 0
Nr. sample dumps: 0
Nr. samples total: 0
Nr. notifications: 0
Sat Feb  3 13:13:27 2001
 stats:
Nr. kernel samples: 0
Nr. samples lost due to no process information: 0
Nr. process samples in user-space: 0
Nr. samples lost due to no map information: 0
Nr. sample dumps: 0
Nr. samples total: 0
Nr. notifications: 0
Sat Feb  3 13:23:27 2001
 stats:
Nr. kernel samples: 258592
Nr. samples lost due to no process information: 0
Nr. process samples in user-space: 0
Nr. samples lost due to no map information: 0
Nr. sample dumps: 1
Nr. samples total: 261394
Nr. notifications: 0
Sat Feb  3 13:33:27 2001
 stats:
Nr. kernel samples: 517021
Nr. samples lost due to no process information: 0
Nr. process samples in user-space: 0
Nr. samples lost due to no map information: 0
Nr. sample dumps: 2
Nr. samples total: 522771
Nr. notifications: 0
Sat Feb  3 13:43:27 2001
 stats:
Nr. kernel samples: 517021
Nr. samples lost due to no process information: 0
Nr. process samples in user-space: 0
Nr. samples lost due to no map information: 0
Nr. sample dumps: 2
Nr. samples total: 522771
Nr. notifications: 0
Sat Feb  3 13:53:27 2001
 stats:
Nr. kernel samples: 775212
Nr. samples lost due to no process information: 0
Nr. process samples in user-space: 0
Nr. samples lost due to no map information: 0
Nr. sample dumps: 3
Nr. samples total: 784160
Nr. notifications: 0
Sat Feb  3 14:03:27 2001
 stats:
Nr. kernel samples: 1033542
Nr. samples lost due to no process information: 0
Nr. process samples in user-space: 0
Nr. samples lost due to no map information: 0
Nr. sample dumps: 4
Nr. samples total: 1045551
Nr. notifications: 0
Date Sat Feb  3 14:11:09 GMT 2001
