
Clean
-----

Measurements without any profiling at all.

500.39user 51.75system 9:44.59elapsed 94%CPU (0avgtext+0avgdata 0maxresident)k 0inputs+0outputs (674372major+677921minor)pagefaults 0swaps
500.21user 53.18system 9:45.41elapsed 94%CPU (0avgtext+0avgdata 0maxresident)k 0inputs+0outputs (674011major+678367minor)pagefaults 0swaps
500.15user 52.47system 9:45.06elapsed 94%CPU (0avgtext+0avgdata 0maxresident)k 0inputs+0outputs (671854major+677955minor)pagefaults 0swaps
500.42user 52.82system 9:45.76elapsed 94%CPU (0avgtext+0avgdata 0maxresident)k 0inputs+0outputs (672424major+678138minor)pagefaults 0swaps
498.49user 53.83system 9:45.43elapsed 94%CPU (0avgtext+0avgdata 0maxresident)k 0inputs+0outputs (672017major+678139minor)pagefaults 0swaps
501.42user 51.47system 9:45.38elapsed 94%CPU (0avgtext+0avgdata 0maxresident)k 0inputs+0outputs (673695major+678085minor)pagefaults 0swaps
499.78user 52.62system 9:45.47elapsed 94%CPU (0avgtext+0avgdata 0maxresident)k 0inputs+0outputs (674200major+678340minor)pagefaults 0swaps
499.45user 52.77system 9:45.76elapsed 94%CPU (0avgtext+0avgdata 0maxresident)k 0inputs+0outputs (671828major+677866minor)pagefaults 0swaps
499.46user 53.20system 9:45.64elapsed 94%CPU (0avgtext+0avgdata 0maxresident)k 0inputs+0outputs (674378major+677942minor)pagefaults 0swaps
--------- Averages -----------------------------------------------------------------------------------------------------------------------
499.97user 52.67system 585.38elapsed  94%CPU (0avgtext+0avgdata 0maxresident)k 0inputs+0outputs (673198major+678084minor)pagefaults 0swaps


readprofile
-----------

Using the standard timer interrupt /proc/profile with a multiplier of 1

507.73user 54.88system 9:55.33elapsed 94%CPU (0avgtext+0avgdata 0maxresident)k 0inputs+0outputs (675859major+678209minor)pagefaults 0swaps
508.91user 53.95system 9:55.43elapsed 94%CPU (0avgtext+0avgdata 0maxresident)k 0inputs+0outputs (671959major+678257minor)pagefaults 0swaps
508.30user 53.59system 9:55.93elapsed 94%CPU (0avgtext+0avgdata 0maxresident)k 0inputs+0outputs (672060major+677656minor)pagefaults 0swaps
508.92user 54.18system 9:55.11elapsed 94%CPU (0avgtext+0avgdata 0maxresident)k 0inputs+0outputs (674752major+678535minor)pagefaults 0swaps
507.92user 55.00system 9:57.08elapsed 94%CPU (0avgtext+0avgdata 0maxresident)k 0inputs+0outputs (672442major+677913minor)pagefaults 0swaps
508.09user 55.12system 9:55.40elapsed 94%CPU (0avgtext+0avgdata 0maxresident)k 0inputs+0outputs (674647major+678473minor)pagefaults 0swaps
507.69user 54.31system 9:55.07elapsed 94%CPU (0avgtext+0avgdata 0maxresident)k 0inputs+0outputs (671943major+678206minor)pagefaults 0swaps
------- Averages -------------------------------------------------------------------------------------------------------------------------
508.22user 54.43system 595.62elapsed  94%CPU (0avgtext+0avgdata 0maxresident)k 0inputs+0outputs (673380major+678178minor)pagefaults 0swaps


